<?xml version="1.0" encoding="UTF-8"?>
<testsuite name="TelevisionTests" tests="8" skipped="0" failures="0" errors="0" timestamp="2021-06-06T01:20:23" hostname="DESKTOP-V96DEVG" time="0.036">
  <properties/>
  <testcase name="increaseChannel_increaseChannelByOne()" classname="TelevisionTests" time="0.027"/>
  <testcase name="currentChannel_returnsStringRepresentationOfChannel()" classname="TelevisionTests" time="0.001"/>
  <testcase name="turnOn_returnsTrueWhenTelevisionIsOn()" classname="TelevisionTests" time="0.001"/>
  <testcase name="isOn_returnsFalseByDefault()" classname="TelevisionTests" time="0.002"/>
  <testcase name="decreaseChannel_decreaseChannelByOne()" classname="TelevisionTests" time="0.0"/>
  <testcase name="increaseChannel_lastChannelToFirstChannel()" classname="TelevisionTests" time="0.0"/>
  <testcase name="turnOff_returnsFalseWhenTelevisionIsTurnedOff()" classname="TelevisionTests" time="0.0"/>
  <testcase name="decreaseChannel_firstChannelToLastChannel()" classname="TelevisionTests" time="0.0"/>
  <system-out><![CDATA[]]></system-out>
  <system-err><![CDATA[]]></system-err>
</testsuite>
