<?xml version="1.0" encoding="UTF-8"?>
<testsuite name="TelevisionTests" tests="1" skipped="0" failures="0" errors="0" timestamp="2021-06-06T01:16:24" hostname="DESKTOP-V96DEVG" time="0.024">
  <properties/>
  <testcase name="increaseChannel_lastChannelToFirstChannel()" classname="TelevisionTests" time="0.024"/>
  <system-out><![CDATA[]]></system-out>
  <system-err><![CDATA[]]></system-err>
</testsuite>
